<?xml version="1.0" encoding="UTF-8"?>
<!-- Generated by org.testng.reporters.JUnitReportReporter -->
<testsuite hostname="LAPTOP-JJ0AI1P8" failures="0" tests="1" name="com.qa.testscripts.TC_Amazon_003" time="2.377" errors="0" timestamp="2022-02-16T23:06:57 CST" skipped="0">
  <testcase classname="com.qa.testscripts.TC_Amazon_003" name="validatefooter" time="2.377"/>
  <system-out/>
</testsuite> <!-- com.qa.testscripts.TC_Amazon_003 -->
